2017-04-10 08:53:46,885 - __main__ - INFO - 正在更新“怒瀚”...
2017-04-10 08:53:46,887 - __main__ - INFO - 最大max_uuid = 384
2017-04-10 08:53:46,891 - requests.packages.urllib3.connectionpool - INFO - Starting new HTTP connection (1): www.qidian.com
2017-04-10 08:53:47,148 - requests.packages.urllib3.connectionpool - INFO - Starting new HTTP connection (1): book.qidian.com
2017-04-10 08:53:48,691 - requests.packages.urllib3.connectionpool - INFO - Starting new HTTP connection (1): www.yunlaige.com
2017-04-10 08:53:48,969 - __main__ - INFO - 无更新章节！
2017-04-10 08:53:48,969 - __main__ - INFO - 正在更新“走进修仙”...
2017-04-10 08:53:48,971 - __main__ - INFO - 最大max_uuid = 2561
2017-04-10 08:53:48,972 - requests.packages.urllib3.connectionpool - INFO - Starting new HTTP connection (1): www.qidian.com
2017-04-10 08:53:49,304 - requests.packages.urllib3.connectionpool - INFO - Starting new HTTP connection (1): book.qidian.com
2017-04-10 08:53:50,851 - requests.packages.urllib3.connectionpool - INFO - Starting new HTTP connection (1): www.yunlaige.com
2017-04-10 08:53:51,391 - __main__ - INFO - 更新 1 章
2017-04-10 08:53:51,392 - __main__ - INFO - 正在发送提示邮件...
2017-04-10 08:53:51,393 - __main__ - INFO - 正在将([2562, '第三百三十八章 出发', 'http://www.yunlaige.com/html/17/17654/10341824.html'],)信息插入到数据库中...
2017-04-10 08:53:51,395 - requests.packages.urllib3.connectionpool - INFO - Starting new HTTP connection (1): www.qidian.com
2017-04-10 08:53:51,399 - __main__ - INFO - 将目录信息插入成功！
2017-04-10 08:53:51,400 - __main__ - INFO - 正在更新“银弧”...
2017-04-10 08:53:51,401 - __main__ - INFO - 最大max_uuid = 1275
2017-04-10 08:53:51,403 - requests.packages.urllib3.connectionpool - INFO - Starting new HTTP connection (1): www.qidian.com
2017-04-10 08:53:51,553 - requests.packages.urllib3.connectionpool - INFO - Starting new HTTP connection (1): book.qidian.com
2017-04-10 08:53:51,572 - requests.packages.urllib3.connectionpool - INFO - Starting new HTTP connection (1): www.yunlaige.com
2017-04-10 08:53:52,343 - requests.packages.urllib3.connectionpool - INFO - Starting new HTTP connection (1): www.yunlaige.com
2017-04-10 08:53:52,745 - __main__ - INFO - 无更新章节！
2017-04-10 08:53:53,940 - send_email - INFO - 邮件发送成功
2017-04-10 08:58:02,730 - __main__ - INFO - 正在更新“怒瀚”...
2017-04-10 08:58:02,732 - __main__ - INFO - 最大max_uuid = 384
2017-04-10 08:58:02,735 - requests.packages.urllib3.connectionpool - INFO - Starting new HTTP connection (1): www.qidian.com
2017-04-10 08:58:02,925 - requests.packages.urllib3.connectionpool - INFO - Starting new HTTP connection (1): book.qidian.com
2017-04-10 08:58:03,153 - requests.packages.urllib3.connectionpool - INFO - Starting new HTTP connection (1): www.yunlaige.com
2017-04-10 08:58:03,431 - __main__ - INFO - 无更新章节！
2017-04-10 08:58:03,432 - __main__ - INFO - 正在更新“走进修仙”...
2017-04-10 08:58:03,434 - __main__ - INFO - 最大max_uuid = 2561
2017-04-10 08:58:03,435 - requests.packages.urllib3.connectionpool - INFO - Starting new HTTP connection (1): www.qidian.com
2017-04-10 08:58:03,581 - requests.packages.urllib3.connectionpool - INFO - Starting new HTTP connection (1): book.qidian.com
2017-04-10 08:58:04,782 - requests.packages.urllib3.connectionpool - INFO - Starting new HTTP connection (1): www.yunlaige.com
2017-04-10 08:58:05,187 - __main__ - INFO - 更新 1 章
2017-04-10 08:58:05,188 - __main__ - INFO - 正在发送提示邮件...
2017-04-10 08:58:05,189 - __main__ - INFO - 正在将([2562, '第三百三十八章 出发', 'http://www.yunlaige.com/html/17/17654/10341824.html'],)信息插入到数据库中...
2017-04-10 08:58:05,191 - requests.packages.urllib3.connectionpool - INFO - Starting new HTTP connection (1): www.qidian.com
2017-04-10 08:58:05,195 - __main__ - INFO - 将目录信息插入成功！
2017-04-10 08:58:05,196 - __main__ - INFO - 正在更新“银弧”...
2017-04-10 08:58:05,197 - __main__ - INFO - 最大max_uuid = 1275
2017-04-10 08:58:05,198 - requests.packages.urllib3.connectionpool - INFO - Starting new HTTP connection (1): www.qidian.com
2017-04-10 08:58:05,347 - requests.packages.urllib3.connectionpool - INFO - Starting new HTTP connection (1): book.qidian.com
2017-04-10 08:58:05,484 - requests.packages.urllib3.connectionpool - INFO - Starting new HTTP connection (1): www.yunlaige.com
2017-04-10 08:58:05,846 - requests.packages.urllib3.connectionpool - INFO - Starting new HTTP connection (1): www.yunlaige.com
2017-04-10 08:58:06,257 - __main__ - INFO - 无更新章节！
2017-04-10 08:58:07,522 - send_email - INFO - 邮件发送成功
2017-04-10 08:58:15,284 - __main__ - INFO - 正在更新“怒瀚”...
2017-04-10 08:58:15,286 - __main__ - INFO - 最大max_uuid = 384
2017-04-10 08:58:15,289 - requests.packages.urllib3.connectionpool - INFO - Starting new HTTP connection (1): www.qidian.com
2017-04-10 08:58:15,432 - requests.packages.urllib3.connectionpool - INFO - Starting new HTTP connection (1): book.qidian.com
2017-04-10 08:58:15,768 - requests.packages.urllib3.connectionpool - INFO - Starting new HTTP connection (1): www.yunlaige.com
2017-04-10 08:58:16,043 - __main__ - INFO - 无更新章节！
2017-04-10 08:58:16,043 - __main__ - INFO - 正在更新“走进修仙”...
2017-04-10 08:58:16,045 - __main__ - INFO - 最大max_uuid = 2561
2017-04-10 08:58:16,047 - requests.packages.urllib3.connectionpool - INFO - Starting new HTTP connection (1): www.qidian.com
2017-04-10 08:58:16,232 - requests.packages.urllib3.connectionpool - INFO - Starting new HTTP connection (1): book.qidian.com
2017-04-10 08:58:17,739 - requests.packages.urllib3.connectionpool - INFO - Starting new HTTP connection (1): www.yunlaige.com
2017-04-10 08:58:18,287 - __main__ - INFO - 更新 1 章
2017-04-10 08:58:18,288 - __main__ - INFO - 正在发送提示邮件...
2017-04-10 08:58:18,289 - __main__ - INFO - 正在将([2562, '第三百三十八章 出发', 'http://www.yunlaige.com/html/17/17654/10341824.html'],)信息插入到数据库中...
2017-04-10 08:58:18,291 - requests.packages.urllib3.connectionpool - INFO - Starting new HTTP connection (1): www.qidian.com
2017-04-10 08:58:18,296 - __main__ - INFO - 将目录信息插入成功！
2017-04-10 08:58:18,296 - __main__ - INFO - 正在更新“银弧”...
2017-04-10 08:58:18,299 - __main__ - INFO - 最大max_uuid = 1275
2017-04-10 08:58:18,301 - requests.packages.urllib3.connectionpool - INFO - Starting new HTTP connection (1): www.qidian.com
2017-04-10 08:58:18,466 - requests.packages.urllib3.connectionpool - INFO - Starting new HTTP connection (1): book.qidian.com
2017-04-10 08:58:18,536 - requests.packages.urllib3.connectionpool - INFO - Starting new HTTP connection (1): www.yunlaige.com
2017-04-10 08:58:18,844 - requests.packages.urllib3.connectionpool - INFO - Starting new HTTP connection (1): www.yunlaige.com
2017-04-10 08:58:19,250 - __main__ - INFO - 无更新章节！
2017-04-10 08:58:20,611 - send_email - INFO - 邮件发送成功
2017-04-10 16:14:52,097 - __main__ - INFO - 正在更新“怒瀚”...
2017-04-10 16:14:52,099 - __main__ - INFO - 最大max_uuid = 384
2017-04-10 16:14:52,102 - requests.packages.urllib3.connectionpool - INFO - Starting new HTTP connection (1): www.qidian.com
2017-04-10 16:14:52,286 - requests.packages.urllib3.connectionpool - INFO - Starting new HTTP connection (1): book.qidian.com
2017-04-10 16:14:53,646 - requests.packages.urllib3.connectionpool - INFO - Starting new HTTP connection (1): www.yunlaige.com
2017-04-10 16:14:53,918 - __main__ - INFO - 无更新章节！
2017-04-10 16:14:53,918 - __main__ - INFO - 正在更新“走进修仙”...
2017-04-10 16:14:53,920 - __main__ - INFO - 最大max_uuid = 2562
2017-04-10 16:14:53,922 - requests.packages.urllib3.connectionpool - INFO - Starting new HTTP connection (1): www.qidian.com
2017-04-10 16:14:54,171 - requests.packages.urllib3.connectionpool - INFO - Starting new HTTP connection (1): book.qidian.com
2017-04-10 16:14:55,591 - requests.packages.urllib3.connectionpool - INFO - Starting new HTTP connection (1): www.yunlaige.com
2017-04-10 16:14:56,014 - __main__ - INFO - 无更新章节！
2017-04-10 16:14:56,015 - __main__ - INFO - 正在更新“银弧”...
2017-04-10 16:14:56,016 - __main__ - INFO - 最大max_uuid = 1275
2017-04-10 16:14:56,018 - requests.packages.urllib3.connectionpool - INFO - Starting new HTTP connection (1): www.qidian.com
2017-04-10 16:14:56,164 - requests.packages.urllib3.connectionpool - INFO - Starting new HTTP connection (1): book.qidian.com
2017-04-10 16:14:56,794 - requests.packages.urllib3.connectionpool - INFO - Starting new HTTP connection (1): www.yunlaige.com
2017-04-10 16:14:57,200 - __main__ - INFO - 无更新章节！
2017-04-10 16:17:14,299 - __main__ - INFO - 正在更新“怒瀚”...
2017-04-10 16:17:14,301 - __main__ - INFO - 最大max_uuid = 384
2017-04-10 16:17:14,304 - requests.packages.urllib3.connectionpool - INFO - Starting new HTTP connection (1): www.qidian.com
2017-04-10 16:17:14,634 - requests.packages.urllib3.connectionpool - INFO - Starting new HTTP connection (1): book.qidian.com
2017-04-10 16:17:14,911 - requests.packages.urllib3.connectionpool - INFO - Starting new HTTP connection (1): www.yunlaige.com
2017-04-10 16:17:15,182 - __main__ - INFO - 无更新章节！
2017-04-10 16:17:15,182 - __main__ - INFO - 正在更新“走进修仙”...
2017-04-10 16:17:15,184 - __main__ - INFO - 最大max_uuid = 2561
2017-04-10 16:17:15,186 - requests.packages.urllib3.connectionpool - INFO - Starting new HTTP connection (1): www.qidian.com
2017-04-10 16:17:15,345 - requests.packages.urllib3.connectionpool - INFO - Starting new HTTP connection (1): book.qidian.com
2017-04-10 16:17:16,898 - requests.packages.urllib3.connectionpool - INFO - Starting new HTTP connection (1): www.yunlaige.com
2017-04-10 16:17:17,310 - __main__ - INFO - 更新 1 章
2017-04-10 16:17:17,311 - __main__ - INFO - 正在发送提示邮件...
2017-04-10 16:17:17,312 - __main__ - INFO - 正在将([2562, '第三百三十八章 出发', 'http://www.yunlaige.com/html/17/17654/10341824.html'],)信息插入到数据库中...
2017-04-10 16:17:17,314 - requests.packages.urllib3.connectionpool - INFO - Starting new HTTP connection (1): www.qidian.com
2017-04-10 16:17:17,318 - __main__ - INFO - 将目录信息插入成功！
2017-04-10 16:17:17,319 - __main__ - INFO - 正在更新“银弧”...
2017-04-10 16:17:17,320 - __main__ - INFO - 最大max_uuid = 1275
2017-04-10 16:17:17,322 - requests.packages.urllib3.connectionpool - INFO - Starting new HTTP connection (1): www.qidian.com
2017-04-10 16:17:17,760 - requests.packages.urllib3.connectionpool - INFO - Starting new HTTP connection (1): www.yunlaige.com
2017-04-10 16:17:18,695 - requests.packages.urllib3.connectionpool - INFO - Starting new HTTP connection (1): book.qidian.com
2017-04-10 16:17:19,591 - requests.packages.urllib3.connectionpool - INFO - Starting new HTTP connection (1): www.yunlaige.com
2017-04-10 16:17:19,997 - __main__ - INFO - 无更新章节！
2017-04-10 16:17:20,254 - send_email - INFO - 邮件发送成功
2017-04-11 02:01:12,978 - __main__ - INFO - 正在更新“怒瀚”...
2017-04-11 02:01:12,979 - __main__ - INFO - 最大max_uuid = 385
2017-04-11 02:01:12,983 - requests.packages.urllib3.connectionpool - INFO - Starting new HTTP connection (1): www.qidian.com
2017-04-11 02:01:13,126 - requests.packages.urllib3.connectionpool - INFO - Starting new HTTP connection (1): book.qidian.com
2017-04-11 02:01:13,432 - requests.packages.urllib3.connectionpool - INFO - Starting new HTTP connection (1): www.zbzw.com
2017-04-11 02:01:16,875 - __main__ - INFO - 无更新章节！
2017-04-11 02:01:16,876 - __main__ - INFO - 正在更新“走进修仙”...
2017-04-11 02:01:16,877 - __main__ - INFO - 最大max_uuid = 2564
2017-04-11 02:01:16,879 - requests.packages.urllib3.connectionpool - INFO - Starting new HTTP connection (1): www.qidian.com
2017-04-11 02:01:17,037 - requests.packages.urllib3.connectionpool - INFO - Starting new HTTP connection (1): book.qidian.com
2017-04-11 02:01:18,102 - requests.packages.urllib3.connectionpool - INFO - Starting new HTTP connection (1): www.zbzw.com
2017-04-11 02:01:18,405 - __main__ - INFO - 无更新章节！
2017-04-11 02:01:18,406 - __main__ - INFO - 正在更新“银弧”...
2017-04-11 02:01:18,408 - __main__ - INFO - 最大max_uuid = 1275
2017-04-11 02:01:18,410 - requests.packages.urllib3.connectionpool - INFO - Starting new HTTP connection (1): www.qidian.com
2017-04-11 02:01:18,552 - requests.packages.urllib3.connectionpool - INFO - Starting new HTTP connection (1): book.qidian.com
2017-04-11 02:01:19,007 - requests.packages.urllib3.connectionpool - INFO - Starting new HTTP connection (1): www.zbzw.com
2017-04-11 02:01:19,321 - __main__ - INFO - 无更新章节！
2017-04-11 02:01:42,368 - __main__ - INFO - 正在更新“怒瀚”...
2017-04-11 02:01:42,371 - __main__ - INFO - 最大max_uuid = 384
2017-04-11 02:01:42,375 - requests.packages.urllib3.connectionpool - INFO - Starting new HTTP connection (1): www.qidian.com
2017-04-11 02:01:42,548 - requests.packages.urllib3.connectionpool - INFO - Starting new HTTP connection (1): book.qidian.com
2017-04-11 02:01:42,843 - requests.packages.urllib3.connectionpool - INFO - Starting new HTTP connection (1): www.zbzw.com
2017-04-11 02:01:42,922 - __main__ - INFO - 更新 1 章
2017-04-11 02:01:42,922 - __main__ - INFO - 正在发送提示邮件...
2017-04-11 02:01:42,923 - __main__ - INFO - 正在将([385, '二六五章：战地温香', 'http://www.zbzw.com/nuhan/5641072.html'],)信息插入到数据库中...
2017-04-11 02:01:42,925 - requests.packages.urllib3.connectionpool - INFO - Starting new HTTP connection (1): www.qidian.com
2017-04-11 02:01:42,930 - __main__ - INFO - 将目录信息插入成功！
2017-04-11 02:01:42,930 - __main__ - INFO - 正在更新“走进修仙”...
2017-04-11 02:01:42,932 - __main__ - INFO - 最大max_uuid = 2564
2017-04-11 02:01:42,934 - requests.packages.urllib3.connectionpool - INFO - Starting new HTTP connection (1): www.qidian.com
2017-04-11 02:01:43,155 - requests.packages.urllib3.connectionpool - INFO - Starting new HTTP connection (1): www.zbzw.com
2017-04-11 02:01:43,180 - requests.packages.urllib3.connectionpool - INFO - Starting new HTTP connection (1): book.qidian.com
2017-04-11 02:01:44,401 - requests.packages.urllib3.connectionpool - INFO - Starting new HTTP connection (1): www.zbzw.com
2017-04-11 02:01:44,538 - __main__ - INFO - 无更新章节！
2017-04-11 02:01:44,539 - __main__ - INFO - 正在更新“银弧”...
2017-04-11 02:01:44,541 - __main__ - INFO - 最大max_uuid = 1275
2017-04-11 02:01:44,543 - requests.packages.urllib3.connectionpool - INFO - Starting new HTTP connection (1): www.qidian.com
2017-04-11 02:01:44,809 - requests.packages.urllib3.connectionpool - INFO - Starting new HTTP connection (1): book.qidian.com
2017-04-11 02:01:45,295 - requests.packages.urllib3.connectionpool - INFO - Starting new HTTP connection (1): www.zbzw.com
2017-04-11 02:01:45,406 - __main__ - INFO - 无更新章节！
2017-04-11 02:01:45,501 - send_email - INFO - 邮件发送成功
2017-04-11 04:40:56,665 - __main__ - INFO - 正在更新“怒瀚”...
2017-04-11 04:40:56,667 - __main__ - INFO - 最大max_uuid = 384
2017-04-11 04:40:56,672 - requests.packages.urllib3.connectionpool - INFO - Starting new HTTP connection (1): www.qidian.com
2017-04-11 04:40:56,801 - requests.packages.urllib3.connectionpool - INFO - Starting new HTTP connection (1): book.qidian.com
2017-04-11 04:40:57,054 - requests.packages.urllib3.connectionpool - INFO - Starting new HTTP connection (1): www.zbzw.com
2017-04-11 04:40:57,157 - __main__ - INFO - 更新 1 章
2017-04-11 04:40:57,158 - __main__ - INFO - 正在发送提示邮件...
2017-04-11 04:40:57,159 - __main__ - INFO - 正在将([385, '二六五章：战地温香', 'http://www.zbzw.com/nuhan/5641072.html'],)信息插入到数据库中...
2017-04-11 04:40:57,161 - requests.packages.urllib3.connectionpool - INFO - Starting new HTTP connection (1): www.qidian.com
2017-04-11 04:40:57,166 - __main__ - INFO - 将目录信息插入成功！
2017-04-11 04:40:57,167 - __main__ - INFO - 正在更新“走进修仙”...
2017-04-11 04:40:57,168 - __main__ - INFO - 最大max_uuid = 2564
2017-04-11 04:40:57,170 - requests.packages.urllib3.connectionpool - INFO - Starting new HTTP connection (1): www.qidian.com
2017-04-11 04:40:57,299 - requests.packages.urllib3.connectionpool - INFO - Starting new HTTP connection (1): book.qidian.com
2017-04-11 04:40:57,376 - requests.packages.urllib3.connectionpool - INFO - Starting new HTTP connection (1): www.zbzw.com
2017-04-11 04:40:58,910 - requests.packages.urllib3.connectionpool - INFO - Starting new HTTP connection (1): www.zbzw.com
2017-04-11 04:40:59,126 - __main__ - INFO - 无更新章节！
2017-04-11 04:40:59,127 - __main__ - INFO - 正在更新“银弧”...
2017-04-11 04:40:59,129 - __main__ - INFO - 最大max_uuid = 1276
2017-04-11 04:40:59,130 - requests.packages.urllib3.connectionpool - INFO - Starting new HTTP connection (1): www.qidian.com
2017-04-11 04:40:59,359 - requests.packages.urllib3.connectionpool - INFO - Starting new HTTP connection (1): book.qidian.com
2017-04-11 04:40:59,759 - requests.packages.urllib3.connectionpool - INFO - Starting new HTTP connection (1): www.zbzw.com
2017-04-11 04:40:59,915 - __main__ - INFO - 无更新章节！
2017-04-11 04:41:01,376 - send_email - INFO - 邮件发送成功
2017-04-11 14:41:52,016 - __main__ - INFO - 正在更新“怒瀚”...
2017-04-11 14:41:52,018 - __main__ - INFO - 最大max_uuid = 384
2017-04-11 14:41:52,021 - requests.packages.urllib3.connectionpool - INFO - Starting new HTTP connection (1): www.qidian.com
2017-04-11 14:41:52,260 - requests.packages.urllib3.connectionpool - INFO - Starting new HTTP connection (1): book.qidian.com
2017-04-11 14:41:52,601 - requests.packages.urllib3.connectionpool - INFO - Starting new HTTP connection (1): www.zbzw.com
2017-04-11 14:41:53,069 - __main__ - INFO - 更新 1 章
2017-04-11 14:41:53,069 - __main__ - INFO - 正在发送提示邮件...
2017-04-11 14:41:53,070 - __main__ - INFO - -------------1------------------
2017-04-11 14:41:53,071 - __main__ - INFO - -------------2------------------
2017-04-11 14:41:53,071 - __main__ - INFO - 正在将([385, '二六五章：战地温香', 'http://www.zbzw.com/nuhan/5641072.html'],)信息插入到数据库中...
2017-04-11 14:41:53,073 - requests.packages.urllib3.connectionpool - INFO - Starting new HTTP connection (1): www.qidian.com
2017-04-11 14:41:53,078 - __main__ - INFO - 将目录信息插入成功！
2017-04-11 14:41:53,078 - __main__ - INFO - 正在更新“走进修仙”...
2017-04-11 14:41:53,080 - __main__ - INFO - 最大max_uuid = 2564
2017-04-11 14:41:53,081 - requests.packages.urllib3.connectionpool - INFO - Starting new HTTP connection (1): www.qidian.com
2017-04-11 14:41:53,299 - requests.packages.urllib3.connectionpool - INFO - Starting new HTTP connection (1): book.qidian.com
2017-04-11 14:41:53,422 - requests.packages.urllib3.connectionpool - INFO - Starting new HTTP connection (1): www.zbzw.com
2017-04-11 14:41:54,518 - send_email - INFO - --------------------------
2017-04-11 14:41:55,372 - requests.packages.urllib3.connectionpool - INFO - Starting new HTTP connection (1): www.zbzw.com
2017-04-11 14:41:55,790 - __main__ - INFO - 无更新章节！
2017-04-11 14:41:55,791 - __main__ - INFO - 正在更新“银弧”...
2017-04-11 14:41:55,793 - __main__ - INFO - 最大max_uuid = 1276
2017-04-11 14:41:55,795 - requests.packages.urllib3.connectionpool - INFO - Starting new HTTP connection (1): www.qidian.com
2017-04-11 14:41:55,984 - requests.packages.urllib3.connectionpool - INFO - Starting new HTTP connection (1): book.qidian.com
2017-04-11 14:41:56,529 - requests.packages.urllib3.connectionpool - INFO - Starting new HTTP connection (1): www.zbzw.com
2017-04-11 14:41:56,849 - send_email - INFO - 邮件发送成功
2017-04-11 14:41:57,050 - __main__ - INFO - 无更新章节！
2017-04-12 02:27:44,420 - __main__ - INFO - 正在更新“怒瀚”...
2017-04-12 02:27:44,422 - __main__ - INFO - 最大max_uuid = 385
2017-04-12 02:27:44,426 - requests.packages.urllib3.connectionpool - INFO - Starting new HTTP connection (1): www.qidian.com
2017-04-12 02:27:44,716 - requests.packages.urllib3.connectionpool - INFO - Starting new HTTP connection (1): book.qidian.com
2017-04-12 02:27:45,044 - requests.packages.urllib3.connectionpool - INFO - Starting new HTTP connection (1): www.zbzw.com
2017-04-12 02:27:45,594 - __main__ - INFO - 无更新章节！
2017-04-12 02:27:45,595 - __main__ - INFO - 正在更新“走进修仙”...
2017-04-12 02:27:45,597 - __main__ - INFO - 最大max_uuid = 2564
2017-04-12 02:27:45,599 - requests.packages.urllib3.connectionpool - INFO - Starting new HTTP connection (1): www.qidian.com
2017-04-12 02:27:45,793 - requests.packages.urllib3.connectionpool - INFO - Starting new HTTP connection (1): book.qidian.com
2017-04-12 02:27:47,409 - requests.packages.urllib3.connectionpool - INFO - Starting new HTTP connection (1): www.zbzw.com
2017-04-12 02:27:51,007 - __main__ - INFO - 更新 2 章
2017-04-12 02:27:51,010 - __main__ - INFO - 正在发送提示邮件...
2017-04-12 02:27:51,011 - __main__ - INFO - 正在将([2566, '第三百四十二章 怪物？', 'http://www.zbzw.com/zoujinxiuxian/5698951.html'], [2565, '第三百四十一章 森林', 'http://www.zbzw.com/zoujinxiuxian/5688746.html'])信息插入到数据库中...
2017-04-12 02:27:51,014 - requests.packages.urllib3.connectionpool - INFO - Starting new HTTP connection (1): www.qidian.com
2017-04-12 02:27:51,018 - __main__ - INFO - 将目录信息插入成功！
2017-04-12 02:27:51,019 - __main__ - INFO - 正在更新“银弧”...
2017-04-12 02:27:51,021 - __main__ - INFO - 最大max_uuid = 1276
2017-04-12 02:27:51,023 - requests.packages.urllib3.connectionpool - INFO - Starting new HTTP connection (1): www.qidian.com
2017-04-12 02:27:51,229 - requests.packages.urllib3.connectionpool - INFO - Starting new HTTP connection (1): book.qidian.com
2017-04-12 02:27:51,272 - requests.packages.urllib3.connectionpool - INFO - Starting new HTTP connection (1): www.zbzw.com
2017-04-12 02:27:51,732 - requests.packages.urllib3.connectionpool - INFO - Starting new HTTP connection (1): www.zbzw.com
2017-04-12 02:27:52,141 - __main__ - INFO - 无更新章节！
2017-04-12 02:27:53,552 - send_email - INFO - 邮件发送成功
2017-04-12 02:30:15,697 - __main__ - INFO - 正在更新“怒瀚”...
2017-04-12 02:30:15,699 - __main__ - INFO - 最大max_uuid = 384
2017-04-12 02:30:15,702 - requests.packages.urllib3.connectionpool - INFO - Starting new HTTP connection (1): www.qidian.com
2017-04-12 02:30:15,900 - requests.packages.urllib3.connectionpool - INFO - Starting new HTTP connection (1): book.qidian.com
2017-04-12 02:30:17,485 - requests.packages.urllib3.connectionpool - INFO - Starting new HTTP connection (1): www.zbzw.com
2017-04-12 02:30:18,050 - __main__ - INFO - 更新 1 章
2017-04-12 02:30:18,051 - __main__ - INFO - 正在发送提示邮件...
2017-04-12 02:30:18,052 - __main__ - INFO - 正在将([385, '二六五章：战地温香', 'http://www.zbzw.com/nuhan/5641072.html'],)信息插入到数据库中...
2017-04-12 02:30:18,054 - requests.packages.urllib3.connectionpool - INFO - Starting new HTTP connection (1): www.qidian.com
2017-04-12 02:30:18,058 - __main__ - INFO - 将目录信息插入成功！
2017-04-12 02:30:18,059 - __main__ - INFO - 正在更新“走进修仙”...
2017-04-12 02:30:18,060 - __main__ - INFO - 最大max_uuid = 2566
2017-04-12 02:30:18,062 - requests.packages.urllib3.connectionpool - INFO - Starting new HTTP connection (1): www.qidian.com
2017-04-12 02:30:18,294 - requests.packages.urllib3.connectionpool - INFO - Starting new HTTP connection (1): www.zbzw.com
2017-04-12 02:30:18,369 - requests.packages.urllib3.connectionpool - INFO - Starting new HTTP connection (1): book.qidian.com
2017-04-12 02:30:20,548 - requests.packages.urllib3.connectionpool - INFO - Starting new HTTP connection (1): www.zbzw.com
2017-04-12 02:30:20,668 - send_email - INFO - 邮件发送成功
2017-04-12 02:30:20,902 - __main__ - INFO - 无更新章节！
2017-04-12 02:30:20,903 - __main__ - INFO - 正在更新“银弧”...
2017-04-12 02:30:20,905 - __main__ - INFO - 最大max_uuid = 1276
2017-04-12 02:30:20,907 - requests.packages.urllib3.connectionpool - INFO - Starting new HTTP connection (1): www.qidian.com
2017-04-12 02:30:21,104 - requests.packages.urllib3.connectionpool - INFO - Starting new HTTP connection (1): book.qidian.com
2017-04-12 02:30:21,728 - requests.packages.urllib3.connectionpool - INFO - Starting new HTTP connection (1): www.zbzw.com
2017-04-12 02:30:22,113 - __main__ - INFO - 无更新章节！
2017-04-12 06:53:28,471 - __main__ - INFO - 正在更新“怒瀚”...
2017-04-12 06:53:28,473 - __main__ - INFO - 最大max_uuid = 385
2017-04-12 06:53:28,477 - requests.packages.urllib3.connectionpool - INFO - Starting new HTTP connection (1): www.qidian.com
2017-04-12 06:53:28,604 - requests.packages.urllib3.connectionpool - INFO - Starting new HTTP connection (1): book.qidian.com
2017-04-12 06:53:29,076 - requests.packages.urllib3.connectionpool - INFO - Starting new HTTP connection (1): www.zbzw.com
2017-04-12 06:53:31,487 - __main__ - INFO - 无更新章节！
2017-04-12 06:53:31,488 - __main__ - INFO - 正在更新“走进修仙”...
2017-04-12 06:53:31,490 - __main__ - INFO - 最大max_uuid = 2565
2017-04-12 06:53:31,492 - requests.packages.urllib3.connectionpool - INFO - Starting new HTTP connection (1): www.qidian.com
2017-04-12 06:53:31,632 - requests.packages.urllib3.connectionpool - INFO - Starting new HTTP connection (1): book.qidian.com
2017-04-12 06:53:32,901 - requests.packages.urllib3.connectionpool - INFO - Starting new HTTP connection (1): www.zbzw.com
2017-04-12 06:53:33,422 - __main__ - INFO - 更新 1 章
2017-04-12 06:53:33,422 - __main__ - INFO - 正在发送提示邮件...
2017-04-12 06:53:33,423 - __main__ - INFO - 正在将([2566, '第三百四十二章 怪物？', 'http://www.zbzw.com/zoujinxiuxian/5698951.html'],)信息插入到数据库中...
2017-04-12 06:53:33,426 - requests.packages.urllib3.connectionpool - INFO - Starting new HTTP connection (1): www.qidian.com
2017-04-12 06:53:33,430 - __main__ - INFO - 将目录信息插入成功！
2017-04-12 06:53:33,430 - __main__ - INFO - 正在更新“银弧”...
2017-04-12 06:53:33,432 - __main__ - INFO - 最大max_uuid = 1276
2017-04-12 06:53:33,434 - requests.packages.urllib3.connectionpool - INFO - Starting new HTTP connection (1): www.qidian.com
2017-04-12 06:53:33,565 - requests.packages.urllib3.connectionpool - INFO - Starting new HTTP connection (1): book.qidian.com
2017-04-12 06:53:33,701 - requests.packages.urllib3.connectionpool - INFO - Starting new HTTP connection (1): www.zbzw.com
2017-04-12 06:53:34,029 - requests.packages.urllib3.connectionpool - INFO - Starting new HTTP connection (1): www.zbzw.com
2017-04-12 06:53:34,384 - __main__ - INFO - 无更新章节！
2017-04-12 06:53:36,426 - send_email - INFO - 邮件发送成功
2017-04-12 06:56:46,505 - __main__ - INFO - 正在更新“怒瀚”...
2017-04-12 06:56:46,507 - __main__ - INFO - 最大max_uuid = 385
2017-04-12 06:56:46,511 - requests.packages.urllib3.connectionpool - INFO - Starting new HTTP connection (1): www.qidian.com
2017-04-12 06:56:46,775 - requests.packages.urllib3.connectionpool - INFO - Starting new HTTP connection (1): book.qidian.com
2017-04-12 06:56:47,086 - requests.packages.urllib3.connectionpool - INFO - Starting new HTTP connection (1): www.zbzw.com
2017-04-12 06:56:48,723 - __main__ - INFO - 无更新章节！
2017-04-12 06:56:48,724 - __main__ - INFO - 正在更新“走进修仙”...
2017-04-12 06:56:48,726 - __main__ - INFO - 最大max_uuid = 2565
2017-04-12 06:56:48,728 - requests.packages.urllib3.connectionpool - INFO - Starting new HTTP connection (1): www.qidian.com
2017-04-12 06:56:49,064 - requests.packages.urllib3.connectionpool - INFO - Starting new HTTP connection (1): book.qidian.com
2017-04-12 06:56:50,632 - requests.packages.urllib3.connectionpool - INFO - Starting new HTTP connection (1): www.zbzw.com
2017-04-12 06:56:51,175 - __main__ - INFO - 更新 1 章
2017-04-12 06:56:51,176 - __main__ - INFO - 正在发送提示邮件...
2017-04-12 06:56:51,177 - __main__ - INFO - 正在将([2566, '第三百四十二章 怪物？', 'http://www.zbzw.com/zoujinxiuxian/5698951.html'],)信息插入到数据库中...
2017-04-12 06:56:51,179 - requests.packages.urllib3.connectionpool - INFO - Starting new HTTP connection (1): www.qidian.com
2017-04-12 06:56:51,183 - __main__ - INFO - 将目录信息插入成功！
2017-04-12 06:56:51,184 - __main__ - INFO - 正在更新“银弧”...
2017-04-12 06:56:51,185 - __main__ - INFO - 最大max_uuid = 1276
2017-04-12 06:56:51,187 - requests.packages.urllib3.connectionpool - INFO - Starting new HTTP connection (1): www.qidian.com
2017-04-12 06:56:51,415 - requests.packages.urllib3.connectionpool - INFO - Starting new HTTP connection (1): www.zbzw.com
2017-04-12 06:56:51,536 - requests.packages.urllib3.connectionpool - INFO - Starting new HTTP connection (1): book.qidian.com
2017-04-12 06:56:52,073 - requests.packages.urllib3.connectionpool - INFO - Starting new HTTP connection (1): www.zbzw.com
2017-04-12 06:56:52,453 - __main__ - INFO - 无更新章节！
2017-04-12 06:56:53,489 - send_email - INFO - 邮件发送成功
2017-04-12 06:59:38,111 - __main__ - INFO - 正在更新“怒瀚”...
2017-04-12 06:59:38,113 - __main__ - INFO - 最大max_uuid = 385
2017-04-12 06:59:38,117 - requests.packages.urllib3.connectionpool - INFO - Starting new HTTP connection (1): www.qidian.com
2017-04-12 06:59:38,349 - requests.packages.urllib3.connectionpool - INFO - Starting new HTTP connection (1): book.qidian.com
2017-04-12 06:59:38,651 - requests.packages.urllib3.connectionpool - INFO - Starting new HTTP connection (1): www.zbzw.com
2017-04-12 06:59:40,272 - __main__ - INFO - 无更新章节！
2017-04-12 06:59:40,273 - __main__ - INFO - 正在更新“走进修仙”...
2017-04-12 06:59:40,275 - __main__ - INFO - 最大max_uuid = 2565
2017-04-12 06:59:40,277 - requests.packages.urllib3.connectionpool - INFO - Starting new HTTP connection (1): www.qidian.com
2017-04-12 06:59:40,497 - requests.packages.urllib3.connectionpool - INFO - Starting new HTTP connection (1): book.qidian.com
2017-04-12 06:59:41,609 - requests.packages.urllib3.connectionpool - INFO - Starting new HTTP connection (1): www.zbzw.com
2017-04-12 06:59:42,005 - __main__ - INFO - 更新 1 章
2017-04-12 06:59:42,006 - __main__ - INFO - 正在发送提示邮件...
2017-04-12 06:59:42,007 - __main__ - INFO - 正在将([2566, '第三百四十二章 怪物？', 'http://www.zbzw.com/zoujinxiuxian/5698951.html'],)信息插入到数据库中...
2017-04-12 06:59:42,010 - requests.packages.urllib3.connectionpool - INFO - Starting new HTTP connection (1): www.qidian.com
2017-04-12 06:59:42,015 - __main__ - INFO - 将目录信息插入成功！
2017-04-12 06:59:42,015 - __main__ - INFO - 正在更新“银弧”...
2017-04-12 06:59:42,018 - __main__ - INFO - 最大max_uuid = 1276
2017-04-12 06:59:42,020 - requests.packages.urllib3.connectionpool - INFO - Starting new HTTP connection (1): www.qidian.com
2017-04-12 06:59:42,212 - requests.packages.urllib3.connectionpool - INFO - Starting new HTTP connection (1): www.zbzw.com
2017-04-12 06:59:42,214 - requests.packages.urllib3.connectionpool - INFO - Starting new HTTP connection (1): book.qidian.com
2017-04-12 06:59:42,802 - requests.packages.urllib3.connectionpool - INFO - Starting new HTTP connection (1): www.zbzw.com
2017-04-12 06:59:43,013 - __main__ - INFO - 无更新章节！
2017-04-12 06:59:44,158 - send_email - INFO - 邮件发送成功
2017-04-12 07:02:08,970 - __main__ - INFO - 正在更新“怒瀚”...
2017-04-12 07:02:08,972 - __main__ - INFO - 最大max_uuid = 385
2017-04-12 07:02:08,976 - requests.packages.urllib3.connectionpool - INFO - Starting new HTTP connection (1): www.qidian.com
2017-04-12 07:02:09,139 - requests.packages.urllib3.connectionpool - INFO - Starting new HTTP connection (1): book.qidian.com
2017-04-12 07:02:09,502 - requests.packages.urllib3.connectionpool - INFO - Starting new HTTP connection (1): www.zbzw.com
2017-04-12 07:02:09,930 - __main__ - INFO - 无更新章节！
2017-04-12 07:02:09,931 - __main__ - INFO - 正在更新“走进修仙”...
2017-04-12 07:02:09,933 - __main__ - INFO - 最大max_uuid = 2565
2017-04-12 07:02:09,934 - requests.packages.urllib3.connectionpool - INFO - Starting new HTTP connection (1): www.qidian.com
2017-04-12 07:02:10,129 - requests.packages.urllib3.connectionpool - INFO - Starting new HTTP connection (1): book.qidian.com
2017-04-12 07:02:11,622 - requests.packages.urllib3.connectionpool - INFO - Starting new HTTP connection (1): www.zbzw.com
2017-04-12 07:02:12,131 - __main__ - INFO - 更新 1 章
2017-04-12 07:02:12,132 - __main__ - INFO - 正在发送提示邮件...
2017-04-12 07:02:12,133 - __main__ - INFO - 正在将([2566, '第三百四十二章 怪物？', 'http://www.zbzw.com/zoujinxiuxian/5698951.html'],)信息插入到数据库中...
2017-04-12 07:02:12,136 - requests.packages.urllib3.connectionpool - INFO - Starting new HTTP connection (1): www.qidian.com
2017-04-12 07:02:12,140 - __main__ - INFO - 将目录信息插入成功！
2017-04-12 07:02:12,140 - __main__ - INFO - 正在更新“银弧”...
2017-04-12 07:02:12,142 - __main__ - INFO - 最大max_uuid = 1276
2017-04-12 07:02:12,143 - requests.packages.urllib3.connectionpool - INFO - Starting new HTTP connection (1): www.qidian.com
2017-04-12 07:02:12,339 - requests.packages.urllib3.connectionpool - INFO - Starting new HTTP connection (1): book.qidian.com
2017-04-12 07:02:12,463 - requests.packages.urllib3.connectionpool - INFO - Starting new HTTP connection (1): www.zbzw.com
2017-04-12 07:02:12,704 - requests.packages.urllib3.connectionpool - INFO - Starting new HTTP connection (1): www.zbzw.com
2017-04-12 07:02:13,182 - __main__ - INFO - 无更新章节！
2017-04-12 07:02:14,476 - send_email - INFO - 邮件发送成功
2017-04-12 07:04:25,670 - __main__ - INFO - 正在更新“怒瀚”...
2017-04-12 07:04:25,672 - __main__ - INFO - 最大max_uuid = 385
2017-04-12 07:04:25,676 - requests.packages.urllib3.connectionpool - INFO - Starting new HTTP connection (1): www.qidian.com
2017-04-12 07:04:25,924 - requests.packages.urllib3.connectionpool - INFO - Starting new HTTP connection (1): book.qidian.com
2017-04-12 07:04:26,570 - requests.packages.urllib3.connectionpool - INFO - Starting new HTTP connection (1): www.zbzw.com
2017-04-12 07:04:27,125 - __main__ - INFO - 无更新章节！
2017-04-12 07:04:27,126 - __main__ - INFO - 正在更新“走进修仙”...
2017-04-12 07:04:27,128 - __main__ - INFO - 最大max_uuid = 2565
2017-04-12 07:04:27,130 - requests.packages.urllib3.connectionpool - INFO - Starting new HTTP connection (1): www.qidian.com
2017-04-12 07:04:27,326 - requests.packages.urllib3.connectionpool - INFO - Starting new HTTP connection (1): book.qidian.com
2017-04-12 07:04:28,852 - requests.packages.urllib3.connectionpool - INFO - Starting new HTTP connection (1): www.zbzw.com
2017-04-12 07:04:29,234 - __main__ - INFO - 更新 1 章
2017-04-12 07:04:29,234 - __main__ - INFO - 正在发送提示邮件...
2017-04-12 07:04:29,236 - __main__ - INFO - 正在将([2566, '第三百四十二章 怪物？', 'http://www.zbzw.com/zoujinxiuxian/5698951.html'],)信息插入到数据库中...
2017-04-12 07:04:29,238 - requests.packages.urllib3.connectionpool - INFO - Starting new HTTP connection (1): www.qidian.com
2017-04-12 07:04:29,242 - __main__ - INFO - 将目录信息插入成功！
2017-04-12 07:04:29,243 - __main__ - INFO - 正在更新“银弧”...
2017-04-12 07:04:29,244 - __main__ - INFO - 最大max_uuid = 1276
2017-04-12 07:04:29,246 - requests.packages.urllib3.connectionpool - INFO - Starting new HTTP connection (1): www.qidian.com
2017-04-12 07:04:29,373 - requests.packages.urllib3.connectionpool - INFO - Starting new HTTP connection (1): www.zbzw.com
2017-04-12 07:04:29,479 - requests.packages.urllib3.connectionpool - INFO - Starting new HTTP connection (1): book.qidian.com
2017-04-12 07:04:29,903 - requests.packages.urllib3.connectionpool - INFO - Starting new HTTP connection (1): www.zbzw.com
2017-04-12 07:04:30,271 - __main__ - INFO - 无更新章节！
2017-04-12 07:04:31,444 - send_email - INFO - 邮件发送成功
2017-04-12 08:05:47,968 - __main__ - INFO - 正在更新“怒瀚”...
2017-04-12 08:05:47,970 - __main__ - INFO - 最大max_uuid = 385
2017-04-12 08:05:47,974 - requests.packages.urllib3.connectionpool - INFO - Starting new HTTP connection (1): www.qidian.com
2017-04-12 08:05:48,295 - requests.packages.urllib3.connectionpool - INFO - Starting new HTTP connection (1): book.qidian.com
2017-04-12 08:05:48,629 - requests.packages.urllib3.connectionpool - INFO - Starting new HTTP connection (1): www.zbzw.com
2017-04-12 08:05:49,132 - __main__ - INFO - 无更新章节！
2017-04-12 08:05:49,133 - __main__ - INFO - 正在更新“走进修仙”...
2017-04-12 08:05:49,135 - __main__ - INFO - 最大max_uuid = 2565
2017-04-12 08:05:49,137 - requests.packages.urllib3.connectionpool - INFO - Starting new HTTP connection (1): www.qidian.com
2017-04-12 08:05:49,322 - requests.packages.urllib3.connectionpool - INFO - Starting new HTTP connection (1): book.qidian.com
2017-04-12 08:05:50,269 - requests.packages.urllib3.connectionpool - INFO - Starting new HTTP connection (1): www.zbzw.com
2017-04-12 08:05:50,791 - __main__ - INFO - 更新 1 章
2017-04-12 08:05:50,794 - __main__ - INFO - 正在发送提示邮件...
2017-04-12 08:05:50,795 - __main__ - INFO - 正在将([2566, '第三百四十二章 怪物？', 'http://www.zbzw.com/zoujinxiuxian/5698951.html'],)信息插入到数据库中...
2017-04-12 08:05:50,797 - requests.packages.urllib3.connectionpool - INFO - Starting new HTTP connection (1): www.qidian.com
2017-04-12 08:05:50,801 - __main__ - INFO - 将目录信息插入成功！
2017-04-12 08:05:50,802 - __main__ - INFO - 正在更新“银弧”...
2017-04-12 08:05:50,804 - __main__ - INFO - 最大max_uuid = 1276
2017-04-12 08:05:50,806 - requests.packages.urllib3.connectionpool - INFO - Starting new HTTP connection (1): www.qidian.com
2017-04-12 08:05:51,032 - requests.packages.urllib3.connectionpool - INFO - Starting new HTTP connection (1): book.qidian.com
2017-04-12 08:05:51,143 - requests.packages.urllib3.connectionpool - INFO - Starting new HTTP connection (1): www.zbzw.com
2017-04-12 08:05:51,737 - requests.packages.urllib3.connectionpool - INFO - Starting new HTTP connection (1): www.zbzw.com
2017-04-12 08:05:52,129 - __main__ - INFO - 无更新章节！
2017-04-12 08:05:53,560 - send_email - INFO - 邮件发送成功
2017-04-12 08:09:20,609 - __main__ - INFO - 正在更新“怒瀚”...
2017-04-12 08:09:20,612 - __main__ - INFO - 最大max_uuid = 385
2017-04-12 08:09:20,616 - requests.packages.urllib3.connectionpool - INFO - Starting new HTTP connection (1): www.qidian.com
2017-04-12 08:09:20,931 - requests.packages.urllib3.connectionpool - INFO - Starting new HTTP connection (1): book.qidian.com
2017-04-12 08:09:21,249 - requests.packages.urllib3.connectionpool - INFO - Starting new HTTP connection (1): www.zbzw.com
2017-04-12 08:09:21,737 - __main__ - INFO - 无更新章节！
2017-04-12 08:09:21,738 - __main__ - INFO - 正在更新“走进修仙”...
2017-04-12 08:09:21,740 - __main__ - INFO - 最大max_uuid = 2565
2017-04-12 08:09:21,742 - requests.packages.urllib3.connectionpool - INFO - Starting new HTTP connection (1): www.qidian.com
2017-04-12 08:09:21,876 - requests.packages.urllib3.connectionpool - INFO - Starting new HTTP connection (1): book.qidian.com
2017-04-12 08:09:22,836 - requests.packages.urllib3.connectionpool - INFO - Starting new HTTP connection (1): www.zbzw.com
2017-04-12 08:09:23,527 - __main__ - INFO - 更新 1 章
2017-04-12 08:09:23,528 - __main__ - INFO - 正在发送提示邮件...
2017-04-12 08:09:23,529 - __main__ - INFO - 正在将([2566, '第三百四十二章 怪物？', 'http://www.zbzw.com/zoujinxiuxian/5698951.html'],)信息插入到数据库中...
2017-04-12 08:09:23,532 - requests.packages.urllib3.connectionpool - INFO - Starting new HTTP connection (1): www.qidian.com
2017-04-12 08:09:23,537 - __main__ - INFO - 将目录信息插入成功！
2017-04-12 08:09:23,538 - __main__ - INFO - 正在更新“银弧”...
2017-04-12 08:09:23,540 - __main__ - INFO - 最大max_uuid = 1276
2017-04-12 08:09:23,542 - requests.packages.urllib3.connectionpool - INFO - Starting new HTTP connection (1): www.qidian.com
2017-04-12 08:09:23,687 - requests.packages.urllib3.connectionpool - INFO - Starting new HTTP connection (1): www.zbzw.com
2017-04-12 08:09:23,697 - requests.packages.urllib3.connectionpool - INFO - Starting new HTTP connection (1): book.qidian.com
2017-04-12 08:09:24,139 - requests.packages.urllib3.connectionpool - INFO - Starting new HTTP connection (1): www.zbzw.com
2017-04-12 08:09:24,631 - __main__ - INFO - 无更新章节！
2017-04-12 08:09:25,685 - send_email - INFO - 邮件发送成功
2017-04-12 08:13:01,631 - __main__ - INFO - 正在更新“怒瀚”...
2017-04-12 08:13:01,633 - __main__ - INFO - 最大max_uuid = 385
2017-04-12 08:13:01,637 - requests.packages.urllib3.connectionpool - INFO - Starting new HTTP connection (1): www.qidian.com
2017-04-12 08:13:01,879 - requests.packages.urllib3.connectionpool - INFO - Starting new HTTP connection (1): book.qidian.com
2017-04-12 08:13:02,282 - requests.packages.urllib3.connectionpool - INFO - Starting new HTTP connection (1): www.zbzw.com
2017-04-12 08:13:02,744 - __main__ - INFO - 无更新章节！
2017-04-12 08:13:02,744 - __main__ - INFO - 正在更新“走进修仙”...
2017-04-12 08:13:02,746 - __main__ - INFO - 最大max_uuid = 2565
2017-04-12 08:13:02,748 - requests.packages.urllib3.connectionpool - INFO - Starting new HTTP connection (1): www.qidian.com
2017-04-12 08:13:02,970 - requests.packages.urllib3.connectionpool - INFO - Starting new HTTP connection (1): book.qidian.com
2017-04-12 08:13:04,009 - requests.packages.urllib3.connectionpool - INFO - Starting new HTTP connection (1): www.zbzw.com
2017-04-12 08:13:04,394 - __main__ - INFO - 更新 1 章
2017-04-12 08:13:04,394 - __main__ - INFO - 正在发送提示邮件...
2017-04-12 08:13:04,396 - __main__ - INFO - 正在将([2566, '第三百四十二章 怪物？', 'http://www.zbzw.com/zoujinxiuxian/5698951.html'],)信息插入到数据库中...
2017-04-12 08:13:04,398 - requests.packages.urllib3.connectionpool - INFO - Starting new HTTP connection (1): www.qidian.com
2017-04-12 08:13:04,402 - __main__ - INFO - 将目录信息插入成功！
2017-04-12 08:13:04,403 - __main__ - INFO - 正在更新“银弧”...
2017-04-12 08:13:04,404 - __main__ - INFO - 最大max_uuid = 1276
2017-04-12 08:13:04,406 - requests.packages.urllib3.connectionpool - INFO - Starting new HTTP connection (1): www.qidian.com
2017-04-12 08:13:04,544 - requests.packages.urllib3.connectionpool - INFO - Starting new HTTP connection (1): www.zbzw.com
2017-04-12 08:13:04,550 - requests.packages.urllib3.connectionpool - INFO - Starting new HTTP connection (1): book.qidian.com
2017-04-12 08:13:05,050 - requests.packages.urllib3.connectionpool - INFO - Starting new HTTP connection (1): www.zbzw.com
2017-04-12 08:13:05,580 - __main__ - INFO - 无更新章节！
2017-04-12 08:13:06,981 - send_email - INFO - 邮件发送成功
2017-04-12 08:17:50,205 - __main__ - INFO - 正在更新“怒瀚”...
2017-04-12 08:17:50,207 - __main__ - INFO - 最大max_uuid = 385
2017-04-12 08:17:50,211 - requests.packages.urllib3.connectionpool - INFO - Starting new HTTP connection (1): www.qidian.com
2017-04-12 08:17:51,814 - requests.packages.urllib3.connectionpool - INFO - Starting new HTTP connection (1): book.qidian.com
2017-04-12 08:17:52,312 - requests.packages.urllib3.connectionpool - INFO - Starting new HTTP connection (1): www.zbzw.com
2017-04-12 08:17:53,850 - __main__ - INFO - 无更新章节！
2017-04-12 08:17:53,850 - __main__ - INFO - 正在更新“走进修仙”...
2017-04-12 08:17:53,852 - __main__ - INFO - 最大max_uuid = 2565
2017-04-12 08:17:53,854 - requests.packages.urllib3.connectionpool - INFO - Starting new HTTP connection (1): www.qidian.com
2017-04-12 08:17:54,365 - requests.packages.urllib3.connectionpool - INFO - Starting new HTTP connection (1): book.qidian.com
2017-04-12 08:17:56,771 - requests.packages.urllib3.connectionpool - INFO - Starting new HTTP connection (1): www.zbzw.com
2017-04-12 08:17:57,479 - __main__ - INFO - 更新 1 章
2017-04-12 08:17:57,480 - __main__ - INFO - 正在发送提示邮件...
2017-04-12 08:17:57,481 - __main__ - INFO - 正在将([2566, '第三百四十二章 怪物？', 'http://www.zbzw.com/zoujinxiuxian/5698951.html'],)信息插入到数据库中...
2017-04-12 08:17:57,483 - requests.packages.urllib3.connectionpool - INFO - Starting new HTTP connection (1): www.qidian.com
2017-04-12 08:17:57,487 - __main__ - INFO - 将目录信息插入成功！
2017-04-12 08:17:57,488 - __main__ - INFO - 正在更新“银弧”...
2017-04-12 08:17:57,490 - __main__ - INFO - 最大max_uuid = 1276
2017-04-12 08:17:57,491 - requests.packages.urllib3.connectionpool - INFO - Starting new HTTP connection (1): www.qidian.com
2017-04-12 08:17:57,946 - requests.packages.urllib3.connectionpool - INFO - Starting new HTTP connection (1): www.zbzw.com
2017-04-12 08:17:57,986 - requests.packages.urllib3.connectionpool - INFO - Starting new HTTP connection (1): book.qidian.com
2017-04-12 08:17:58,767 - requests.packages.urllib3.connectionpool - INFO - Starting new HTTP connection (1): www.zbzw.com
2017-04-12 08:17:59,381 - __main__ - INFO - 无更新章节！
2017-04-12 08:18:00,071 - send_email - INFO - 邮件发送成功
2017-04-12 08:26:03,211 - __main__ - INFO - 正在更新“怒瀚”...
2017-04-12 08:26:03,213 - __main__ - INFO - 最大max_uuid = 385
2017-04-12 08:26:03,217 - requests.packages.urllib3.connectionpool - INFO - Starting new HTTP connection (1): www.qidian.com
2017-04-12 08:26:04,703 - requests.packages.urllib3.connectionpool - INFO - Starting new HTTP connection (1): book.qidian.com
2017-04-12 08:26:05,346 - requests.packages.urllib3.connectionpool - INFO - Starting new HTTP connection (1): www.zbzw.com
2017-04-12 08:26:05,970 - __main__ - INFO - 无更新章节！
2017-04-12 08:26:05,970 - __main__ - INFO - 正在更新“走进修仙”...
2017-04-12 08:26:05,972 - __main__ - INFO - 最大max_uuid = 2565
2017-04-12 08:26:05,974 - requests.packages.urllib3.connectionpool - INFO - Starting new HTTP connection (1): www.qidian.com
2017-04-12 08:26:07,469 - requests.packages.urllib3.connectionpool - INFO - Starting new HTTP connection (1): book.qidian.com
2017-04-12 08:26:09,353 - requests.packages.urllib3.connectionpool - INFO - Starting new HTTP connection (1): www.zbzw.com
2017-04-12 08:26:10,617 - __main__ - INFO - 更新 1 章
2017-04-12 08:26:10,618 - __main__ - INFO - 正在发送提示邮件...
2017-04-12 08:26:10,619 - __main__ - INFO - 正在将([2566, '第三百四十二章 怪物？', 'http://www.zbzw.com/zoujinxiuxian/5698951.html'],)信息插入到数据库中...
2017-04-12 08:26:10,621 - requests.packages.urllib3.connectionpool - INFO - Starting new HTTP connection (1): www.qidian.com
2017-04-12 08:26:10,626 - __main__ - INFO - 将目录信息插入成功！
2017-04-12 08:26:10,626 - __main__ - INFO - 正在更新“银弧”...
2017-04-12 08:26:10,628 - __main__ - INFO - 最大max_uuid = 1276
2017-04-12 08:26:10,630 - requests.packages.urllib3.connectionpool - INFO - Starting new HTTP connection (1): www.qidian.com
2017-04-12 08:26:11,148 - requests.packages.urllib3.connectionpool - INFO - Starting new HTTP connection (1): book.qidian.com
2017-04-12 08:26:11,769 - requests.packages.urllib3.connectionpool - INFO - Starting new HTTP connection (1): www.zbzw.com
2017-04-12 08:26:11,805 - requests.packages.urllib3.connectionpool - INFO - Starting new HTTP connection (1): www.zbzw.com
2017-04-12 08:26:12,162 - __main__ - INFO - 无更新章节！
2017-04-12 08:29:16,347 - __main__ - INFO - 正在更新“怒瀚”...
2017-04-12 08:29:16,349 - __main__ - INFO - 最大max_uuid = 385
2017-04-12 08:29:16,353 - requests.packages.urllib3.connectionpool - INFO - Starting new HTTP connection (1): www.qidian.com
2017-04-12 08:29:16,646 - requests.packages.urllib3.connectionpool - INFO - Starting new HTTP connection (1): book.qidian.com
2017-04-12 08:29:17,127 - requests.packages.urllib3.connectionpool - INFO - Starting new HTTP connection (1): www.zbzw.com
2017-04-12 08:29:17,647 - __main__ - INFO - 无更新章节！
2017-04-12 08:29:17,647 - __main__ - INFO - 正在更新“走进修仙”...
2017-04-12 08:29:17,649 - __main__ - INFO - 最大max_uuid = 2565
2017-04-12 08:29:17,651 - requests.packages.urllib3.connectionpool - INFO - Starting new HTTP connection (1): www.qidian.com
2017-04-12 08:29:17,930 - requests.packages.urllib3.connectionpool - INFO - Starting new HTTP connection (1): book.qidian.com
2017-04-12 08:29:21,783 - requests.packages.urllib3.connectionpool - INFO - Starting new HTTP connection (1): www.zbzw.com
2017-04-12 08:29:22,605 - __main__ - INFO - 更新 1 章
2017-04-12 08:29:22,606 - __main__ - INFO - 正在发送提示邮件...
2017-04-12 08:29:22,607 - __main__ - INFO - 正在将([2566, '第三百四十二章 怪物？', 'http://www.zbzw.com/zoujinxiuxian/5698951.html'],)信息插入到数据库中...
2017-04-12 08:29:22,609 - requests.packages.urllib3.connectionpool - INFO - Starting new HTTP connection (1): www.qidian.com
2017-04-12 08:29:22,613 - __main__ - INFO - 将目录信息插入成功！
2017-04-12 08:29:22,614 - __main__ - INFO - 正在更新“银弧”...
2017-04-12 08:29:22,615 - __main__ - INFO - 最大max_uuid = 1276
2017-04-12 08:29:22,617 - requests.packages.urllib3.connectionpool - INFO - Starting new HTTP connection (1): www.qidian.com
2017-04-12 08:29:22,804 - requests.packages.urllib3.connectionpool - INFO - Starting new HTTP connection (1): book.qidian.com
2017-04-12 08:29:22,829 - requests.packages.urllib3.connectionpool - INFO - Starting new HTTP connection (1): www.zbzw.com
2017-04-12 08:29:23,384 - requests.packages.urllib3.connectionpool - INFO - Starting new HTTP connection (1): www.zbzw.com
2017-04-12 08:29:23,886 - __main__ - INFO - 无更新章节！
2017-04-12 08:30:22,183 - __main__ - INFO - 正在更新“怒瀚”...
2017-04-12 08:30:22,185 - __main__ - INFO - 最大max_uuid = 385
2017-04-12 08:30:22,188 - requests.packages.urllib3.connectionpool - INFO - Starting new HTTP connection (1): www.qidian.com
2017-04-12 08:30:22,467 - requests.packages.urllib3.connectionpool - INFO - Starting new HTTP connection (1): book.qidian.com
2017-04-12 08:30:23,289 - requests.packages.urllib3.connectionpool - INFO - Starting new HTTP connection (1): www.zbzw.com
2017-04-12 08:30:23,899 - __main__ - INFO - 无更新章节！
2017-04-12 08:30:23,899 - __main__ - INFO - 正在更新“走进修仙”...
2017-04-12 08:30:23,901 - __main__ - INFO - 最大max_uuid = 2565
2017-04-12 08:30:23,903 - requests.packages.urllib3.connectionpool - INFO - Starting new HTTP connection (1): www.qidian.com
2017-04-12 08:30:27,047 - requests.packages.urllib3.connectionpool - INFO - Starting new HTTP connection (1): book.qidian.com
2017-04-12 08:30:28,354 - requests.packages.urllib3.connectionpool - INFO - Starting new HTTP connection (1): www.zbzw.com
2017-04-12 08:30:28,893 - __main__ - INFO - 更新 1 章
2017-04-12 08:30:28,894 - __main__ - INFO - 正在发送提示邮件...
2017-04-12 08:30:28,896 - __main__ - INFO - 正在将([2566, '第三百四十二章 怪物？', 'http://www.zbzw.com/zoujinxiuxian/5698951.html'],)信息插入到数据库中...
2017-04-12 08:30:28,898 - requests.packages.urllib3.connectionpool - INFO - Starting new HTTP connection (1): www.qidian.com
2017-04-12 08:30:28,902 - __main__ - INFO - 将目录信息插入成功！
2017-04-12 08:30:28,903 - __main__ - INFO - 正在更新“银弧”...
2017-04-12 08:30:28,905 - __main__ - INFO - 最大max_uuid = 1276
2017-04-12 08:30:28,907 - requests.packages.urllib3.connectionpool - INFO - Starting new HTTP connection (1): www.qidian.com
2017-04-12 08:30:29,071 - requests.packages.urllib3.connectionpool - INFO - Starting new HTTP connection (1): book.qidian.com
2017-04-12 08:30:29,936 - requests.packages.urllib3.connectionpool - INFO - Starting new HTTP connection (1): www.zbzw.com
2017-04-12 08:30:31,324 - __main__ - INFO - 无更新章节！
2017-04-12 08:30:33,915 - requests.packages.urllib3.connectionpool - INFO - Starting new HTTP connection (1): www.zbzw.com
2017-04-12 08:30:35,969 - send_email - INFO - 邮件发送成功
2017-04-13 15:16:52,556 - __main__ - INFO - 正在更新“怒瀚”...
2017-04-13 15:16:52,557 - __main__ - INFO - 最大max_uuid = 385
2017-04-13 15:16:52,561 - requests.packages.urllib3.connectionpool - INFO - Starting new HTTP connection (1): www.qidian.com
2017-04-13 15:16:52,888 - requests.packages.urllib3.connectionpool - INFO - Starting new HTTP connection (1): book.qidian.com
2017-04-13 15:16:53,315 - requests.packages.urllib3.connectionpool - INFO - Starting new HTTP connection (1): www.zbzw.com
2017-04-13 15:16:57,369 - __main__ - INFO - 无更新章节！
2017-04-13 15:16:57,370 - __main__ - INFO - 正在更新“走进修仙”...
2017-04-13 15:16:57,372 - __main__ - INFO - 最大max_uuid = 2567
2017-04-13 15:16:57,374 - requests.packages.urllib3.connectionpool - INFO - Starting new HTTP connection (1): www.qidian.com
2017-04-13 15:16:57,480 - requests.packages.urllib3.connectionpool - INFO - Starting new HTTP connection (1): book.qidian.com
2017-04-13 15:16:59,351 - requests.packages.urllib3.connectionpool - INFO - Starting new HTTP connection (1): www.zbzw.com
2017-04-13 15:17:00,154 - __main__ - INFO - 无更新章节！
2017-04-13 15:17:00,155 - __main__ - INFO - 正在更新“银弧”...
2017-04-13 15:17:00,157 - __main__ - INFO - 最大max_uuid = 1277
2017-04-13 15:17:00,159 - requests.packages.urllib3.connectionpool - INFO - Starting new HTTP connection (1): www.qidian.com
2017-04-13 15:17:00,320 - requests.packages.urllib3.connectionpool - INFO - Starting new HTTP connection (1): book.qidian.com
2017-04-13 15:17:00,864 - requests.packages.urllib3.connectionpool - INFO - Starting new HTTP connection (1): www.zbzw.com
2017-04-13 15:17:02,340 - __main__ - INFO - 无更新章节！
